<?xml version="1.0" encoding="UTF-8"?>
<!-- Generated by org.testng.reporters.JUnitReportReporter -->
<testsuite name="com.qmetry.qaf.automation.step.client.DataDrivenScenario" tests="1" time="37.907" ignored="1" failures="0" timestamp="18 Jan 2018 11:49:42 GMT" skipped="0" hostname="ICPL12425" errors="0">
  <testcase name="LimeRoadOrderVerificationDD" time="37.907" classname="com.qmetry.qaf.automation.step.client.DataDrivenScenario"/>
  <testcase name="LimeRoadOrderVerificationDD" classname="com.qmetry.qaf.automation.step.client.DataDrivenScenario">
    <skipped/>
  </testcase> <!-- LimeRoadOrderVerificationDD -->
</testsuite> <!-- com.qmetry.qaf.automation.step.client.DataDrivenScenario -->
