<?xml version="1.0" encoding="UTF-8"?>
<!-- Generated by org.testng.reporters.JUnitReportReporter -->
<testsuite name="com.qmetry.qaf.automation.step.client.Scenario" tests="1" time="41.111" ignored="0" failures="0" timestamp="12 Jan 2018 07:26:17 GMT" skipped="0" hostname="ICPL12425" errors="0">
  <testcase name="LimeroadTestOrderFlowBDD" time="41.111" classname="com.qmetry.qaf.automation.step.client.Scenario"/>
</testsuite> <!-- com.qmetry.qaf.automation.step.client.Scenario -->
