<?xml version="1.0" encoding="UTF-8"?>
<!-- Generated by org.testng.reporters.JUnitReportReporter -->
<testsuite name="com.limeroadandroidautomation.scripts.LimeroadOrderSteps" tests="1" time="27.006" ignored="0" failures="0" timestamp="12 Jan 2018 07:38:29 GMT" skipped="0" hostname="ICPL12425" errors="0">
  <testcase name="LROrderFlow" time="27.006" classname="com.limeroadandroidautomation.scripts.LimeroadOrderSteps"/>
</testsuite> <!-- com.limeroadandroidautomation.scripts.LimeroadOrderSteps -->
